<?xml version="1.0" encoding="UTF-8"?>
<!-- Generated by org.testng.reporters.JUnitXMLReporter -->
<testsuite hostname="Chintu" ignored="0" name="Free CRM App Test Cases" tests="3" failures="0" timestamp="15 Jun 2018 21:09:52 GMT" time="59.062" errors="0">
  <testcase name="LoginTest" time="13.511" classname="com.freecrm.testcases.LoginPageTest"/>
  <testcase name="image" time="0.117" classname="com.freecrm.testcases.LoginPageTest"/>
  <testcase name="validatetitle" time="0.025" classname="com.freecrm.testcases.LoginPageTest"/>
</testsuite> <!-- Free CRM App Test Cases -->
